Using pre-set license

 COMMAND LINE ARGUMENTS:
/Applications/Unity/Hub/Editor/2020.3.6f1/Unity.app/Contents/MacOS/Unity
-adb2
-batchMode
-noUpm
-name
AssetImportWorker0
-projectPath
/Users/williambertrand/GameDev/bpj-8
-logFile
Logs/AssetImportWorker0.log
-srvPort
62716
Successfully changed project path to: /Users/williambertrand/GameDev/bpj-8
/Users/williambertrand/GameDev/bpj-8
Using Asset Import Pipeline V2.
Refreshing native plugins compatible for Editor in 41.92 ms, found 2 plugins.
Preloading 0 native plugins for Editor in 0.00 ms.
Initialize engine version: 2020.3.6f1 (338bb68529b2)
[Subsystems] Discovering subsystems at path /Applications/Unity/Hub/Editor/2020.3.6f1/Unity.app/Contents/Resources/UnitySubsystems
[Subsystems] Discovering subsystems at path /Users/williambertrand/GameDev/bpj-8/Assets
GfxDevice: creating device client; threaded=0
2021-07-16 09:05:53.028 Unity[36819:7163244] Color LCD preferred device: AMD Radeon Pro 5300M (high power)
2021-07-16 09:05:53.028 Unity[36819:7163244] Metal devices available: 2
2021-07-16 09:05:53.029 Unity[36819:7163244] 0: AMD Radeon Pro 5300M (high power)
2021-07-16 09:05:53.029 Unity[36819:7163244] 1: Intel(R) UHD Graphics 630 (low power)
2021-07-16 09:05:53.030 Unity[36819:7163244] Using device AMD Radeon Pro 5300M (high power)
Initializing Metal device caps: AMD Radeon Pro 5300M
Initialize mono
Mono path[0] = '/Applications/Unity/Hub/Editor/2020.3.6f1/Unity.app/Contents/Managed'
Mono path[1] = '/Applications/Unity/Hub/Editor/2020.3.6f1/Unity.app/Contents/MonoBleedingEdge/lib/mono/unityjit'
Mono config path = '/Applications/Unity/Hub/Editor/2020.3.6f1/Unity.app/Contents/MonoBleedingEdge/etc'
Using monoOptions --debugger-agent=transport=dt_socket,embedding=1,server=y,suspend=n,address=127.0.0.1:56819
Begin MonoManager ReloadAssembly
Registering precompiled unity dll's ...
Register platform support module: /Applications/Unity/Hub/Editor/2020.3.6f1/PlaybackEngines/WebGLSupport/UnityEditor.WebGL.Extensions.dll
Register platform support module: /Applications/Unity/Hub/Editor/2020.3.6f1/Unity.app/Contents/PlaybackEngines/MacStandaloneSupport/UnityEditor.OSXStandalone.Extensions.dll
Register platform support module: /Applications/Unity/Hub/Editor/2020.3.6f1/PlaybackEngines/WindowsStandaloneSupport/UnityEditor.WindowsStandalone.Extensions.dll
Registered in 0.000809 seconds.
Native extension for WindowsStandalone target not found
Native extension for OSXStandalone target not found
Native extension for WebGL target not found
Refreshing native plugins compatible for Editor in 30.38 ms, found 2 plugins.
Preloading 0 native plugins for Editor in 0.00 ms.
Mono: successfully reloaded assembly
- Completed reload, in  1.943 seconds
Platform modules already initialized, skipping
Registering precompiled user dll's ...
Registered in 0.000474 seconds.
Begin MonoManager ReloadAssembly
Native extension for WindowsStandalone target not found
Native extension for OSXStandalone target not found
Native extension for WebGL target not found
Refreshing native plugins compatible for Editor in 31.89 ms, found 2 plugins.
Preloading 0 native plugins for Editor in 0.00 ms.
Mono: successfully reloaded assembly
- Completed reload, in  1.030 seconds
Platform modules already initialized, skipping
========================================================================
Worker process is ready to serve import requests
Launching external process: /Applications/Unity/Hub/Editor/2020.3.6f1/Unity.app/Contents/Tools/UnityShaderCompiler
Launched and connected shader compiler UnityShaderCompiler after 0.02 seconds
Refreshing native plugins compatible for Editor in 0.31 ms, found 2 plugins.
Preloading 0 native plugins for Editor in 0.00 ms.
Unloading 1823 Unused Serialized files (Serialized files now loaded: 0)
System memory in use before: 149.6 MB.
System memory in use after: 149.7 MB.

Unloading 19 unused Assets to reduce memory usage. Loaded Objects now: 2271.
Total: 1.887295 ms (FindLiveObjects: 0.200194 ms CreateObjectMapping: 0.064677 ms MarkObjects: 1.560897 ms  DeleteObjects: 0.060747 ms)

========================================================================
Received Import Request.
  path: Assets/Scripts/Player
  artifactKey: Guid(e6d8a9f4c65654f819112a27ffbb784b) Importer(815301076,1909f56bfc062723c751e8b465ee728b)
Start importing Assets/Scripts/Player using Guid(e6d8a9f4c65654f819112a27ffbb784b) Importer(815301076,1909f56bfc062723c751e8b465ee728b)  -> (artifact id: 'b6df280bd842a29fc2887f701a6fcb2c') in 0.004657 seconds
  Import took 0.009183 seconds .

========================================================================
Received Import Request.
  Time since last request: 2.442901 seconds.
  path: Assets/Scripts/Player/PlayerMovement.cs
  artifactKey: Guid(8561a5c1e63814ce09a976bd7db098d3) Importer(815301076,1909f56bfc062723c751e8b465ee728b)
Start importing Assets/Scripts/Player/PlayerMovement.cs using Guid(8561a5c1e63814ce09a976bd7db098d3) Importer(815301076,1909f56bfc062723c751e8b465ee728b)  -> (artifact id: '0253d1c1ac2950f7800c2ff0c9bba876') in 0.348533 seconds
  Import took 0.352480 seconds .

========================================================================
Received Prepare
Registering precompiled user dll's ...
Registered in 0.001711 seconds.
Begin MonoManager ReloadAssembly
Native extension for WindowsStandalone target not found
Native extension for OSXStandalone target not found
Native extension for WebGL target not found
Refreshing native plugins compatible for Editor in 0.36 ms, found 2 plugins.
Preloading 0 native plugins for Editor in 0.00 ms.
Mono: successfully reloaded assembly
- Completed reload, in  0.996 seconds
Platform modules already initialized, skipping
Refreshing native plugins compatible for Editor in 0.36 ms, found 2 plugins.
Preloading 0 native plugins for Editor in 0.00 ms.
Unloading 1801 Unused Serialized files (Serialized files now loaded: 0)
System memory in use before: 152.3 MB.
System memory in use after: 152.5 MB.

Unloading 7 unused Assets to reduce memory usage. Loaded Objects now: 2276.
Total: 2.058128 ms (FindLiveObjects: 0.213275 ms CreateObjectMapping: 0.069631 ms MarkObjects: 1.758782 ms  DeleteObjects: 0.015376 ms)

========================================================================
Received Prepare
Registering precompiled user dll's ...
Registered in 0.018627 seconds.
Begin MonoManager ReloadAssembly
Native extension for WindowsStandalone target not found
Native extension for OSXStandalone target not found
Native extension for WebGL target not found
Refreshing native plugins compatible for Editor in 0.47 ms, found 2 plugins.
Preloading 0 native plugins for Editor in 0.00 ms.
Mono: successfully reloaded assembly
- Completed reload, in  0.917 seconds
Platform modules already initialized, skipping
Refreshing native plugins compatible for Editor in 0.28 ms, found 2 plugins.
Preloading 0 native plugins for Editor in 0.00 ms.
Unloading 1801 Unused Serialized files (Serialized files now loaded: 0)
System memory in use before: 152.6 MB.
System memory in use after: 152.7 MB.

Unloading 7 unused Assets to reduce memory usage. Loaded Objects now: 2280.
Total: 1.938677 ms (FindLiveObjects: 0.257553 ms CreateObjectMapping: 0.092591 ms MarkObjects: 1.572565 ms  DeleteObjects: 0.015099 ms)

========================================================================
Received Import Request.
  Time since last request: 131.188525 seconds.
  path: Assets/Scripts/Player/PlayerInput.cs
  artifactKey: Guid(0facabb08c83b413d851b94483925c9b) Importer(815301076,1909f56bfc062723c751e8b465ee728b)
Start importing Assets/Scripts/Player/PlayerInput.cs using Guid(0facabb08c83b413d851b94483925c9b) Importer(815301076,1909f56bfc062723c751e8b465ee728b)  -> (artifact id: '31b13bc02644ee1fe6dc13fee9564f79') in 0.006080 seconds
  Import took 0.009773 seconds .

========================================================================
Received Prepare
Registering precompiled user dll's ...
Registered in 0.000849 seconds.
Begin MonoManager ReloadAssembly
Native extension for WindowsStandalone target not found
Native extension for OSXStandalone target not found
Native extension for WebGL target not found
Refreshing native plugins compatible for Editor in 0.34 ms, found 2 plugins.
Preloading 0 native plugins for Editor in 0.00 ms.
Mono: successfully reloaded assembly
- Completed reload, in  0.998 seconds
Platform modules already initialized, skipping
Refreshing native plugins compatible for Editor in 0.34 ms, found 2 plugins.
Preloading 0 native plugins for Editor in 0.00 ms.
Unloading 1802 Unused Serialized files (Serialized files now loaded: 0)
System memory in use before: 152.9 MB.
System memory in use after: 153.0 MB.

Unloading 7 unused Assets to reduce memory usage. Loaded Objects now: 2285.
Total: 1.985427 ms (FindLiveObjects: 0.200478 ms CreateObjectMapping: 0.067722 ms MarkObjects: 1.699862 ms  DeleteObjects: 0.015914 ms)

========================================================================
Received Prepare
Registering precompiled user dll's ...
Registered in 0.001545 seconds.
Begin MonoManager ReloadAssembly
Native extension for WindowsStandalone target not found
Native extension for OSXStandalone target not found
Native extension for WebGL target not found
Refreshing native plugins compatible for Editor in 0.67 ms, found 2 plugins.
Preloading 0 native plugins for Editor in 0.00 ms.
Mono: successfully reloaded assembly
- Completed reload, in  2.453 seconds
Platform modules already initialized, skipping
Refreshing native plugins compatible for Editor in 1.52 ms, found 2 plugins.
Preloading 0 native plugins for Editor in 0.00 ms.
Unloading 1802 Unused Serialized files (Serialized files now loaded: 0)
System memory in use before: 153.1 MB.
System memory in use after: 153.3 MB.

Unloading 7 unused Assets to reduce memory usage. Loaded Objects now: 2289.
Total: 3.508728 ms (FindLiveObjects: 0.380724 ms CreateObjectMapping: 0.130767 ms MarkObjects: 2.969997 ms  DeleteObjects: 0.023141 ms)

========================================================================
Received Import Request.
  Time since last request: 1547.919978 seconds.
  path: Assets/Scripts/Player/PlayerInput.cs
  artifactKey: Guid(0facabb08c83b413d851b94483925c9b) Importer(815301076,1909f56bfc062723c751e8b465ee728b)
Start importing Assets/Scripts/Player/PlayerInput.cs using Guid(0facabb08c83b413d851b94483925c9b) Importer(815301076,1909f56bfc062723c751e8b465ee728b)  -> (artifact id: 'ea789cddac2c79403401a3b0ba3c017a') in 0.007772 seconds
  Import took 0.014302 seconds .

========================================================================
Received Prepare
Registering precompiled user dll's ...
Registered in 0.000660 seconds.
Begin MonoManager ReloadAssembly
Native extension for WindowsStandalone target not found
Native extension for OSXStandalone target not found
Native extension for WebGL target not found
Refreshing native plugins compatible for Editor in 0.39 ms, found 2 plugins.
Preloading 0 native plugins for Editor in 0.00 ms.
Mono: successfully reloaded assembly
- Completed reload, in  1.105 seconds
Platform modules already initialized, skipping
Refreshing native plugins compatible for Editor in 0.37 ms, found 2 plugins.
Preloading 0 native plugins for Editor in 0.00 ms.
Unloading 1802 Unused Serialized files (Serialized files now loaded: 0)
System memory in use before: 153.4 MB.
System memory in use after: 153.5 MB.

Unloading 7 unused Assets to reduce memory usage. Loaded Objects now: 2293.
Total: 2.117823 ms (FindLiveObjects: 0.219988 ms CreateObjectMapping: 0.101770 ms MarkObjects: 1.780619 ms  DeleteObjects: 0.014338 ms)

========================================================================
Received Import Request.
  Time since last request: 98.463268 seconds.
  path: Assets/Sprites/bpj8.png
  artifactKey: Guid(6f6bf76dae96c46dc9943a6003d96050) Importer(815301076,1909f56bfc062723c751e8b465ee728b)
Start importing Assets/Sprites/bpj8.png using Guid(6f6bf76dae96c46dc9943a6003d96050) Importer(815301076,1909f56bfc062723c751e8b465ee728b)  -> (artifact id: '57a944e0f522f909a053224afe12b504') in 1.011693 seconds
  Import took 1.016480 seconds .

========================================================================
Received Import Request.
  Time since last request: 2.499597 seconds.
  path: Assets/Sprites/bpj8.png
  artifactKey: Guid(6f6bf76dae96c46dc9943a6003d96050) Importer(815301076,1909f56bfc062723c751e8b465ee728b)
Start importing Assets/Sprites/bpj8.png using Guid(6f6bf76dae96c46dc9943a6003d96050) Importer(815301076,1909f56bfc062723c751e8b465ee728b)  -> (artifact id: 'dbb813e87fb569b4187ba27bceb2d3d1') in 0.010355 seconds
  Import took 0.014757 seconds .

========================================================================
Received Import Request.
  Time since last request: 0.009212 seconds.
  path: Assets/Sprites/bpj8.png
  artifactKey: Guid(6f6bf76dae96c46dc9943a6003d96050) Importer(815301076,1909f56bfc062723c751e8b465ee728b)
Start importing Assets/Sprites/bpj8.png using Guid(6f6bf76dae96c46dc9943a6003d96050) Importer(815301076,1909f56bfc062723c751e8b465ee728b)  -> (artifact id: 'dbb813e87fb569b4187ba27bceb2d3d1') in 0.009759 seconds
  Import took 0.013916 seconds .

========================================================================
Received Prepare
Registering precompiled user dll's ...
Registered in 0.000620 seconds.
Begin MonoManager ReloadAssembly
Native extension for WindowsStandalone target not found
Native extension for OSXStandalone target not found
Native extension for WebGL target not found
Refreshing native plugins compatible for Editor in 0.36 ms, found 2 plugins.
Preloading 0 native plugins for Editor in 0.00 ms.
Mono: successfully reloaded assembly
- Completed reload, in  1.092 seconds
Platform modules already initialized, skipping
Refreshing native plugins compatible for Editor in 0.35 ms, found 2 plugins.
Preloading 0 native plugins for Editor in 0.00 ms.
Unloading 1802 Unused Serialized files (Serialized files now loaded: 0)
System memory in use before: 161.4 MB.
System memory in use after: 161.5 MB.

Unloading 7 unused Assets to reduce memory usage. Loaded Objects now: 2303.
Total: 2.014327 ms (FindLiveObjects: 0.200417 ms CreateObjectMapping: 0.061845 ms MarkObjects: 1.736221 ms  DeleteObjects: 0.013789 ms)

========================================================================
Received Prepare
Registering precompiled user dll's ...
Registered in 0.000912 seconds.
Begin MonoManager ReloadAssembly
Native extension for WindowsStandalone target not found
Native extension for OSXStandalone target not found
Native extension for WebGL target not found
Refreshing native plugins compatible for Editor in 0.35 ms, found 2 plugins.
Preloading 0 native plugins for Editor in 0.00 ms.
Mono: successfully reloaded assembly
- Completed reload, in  1.115 seconds
Platform modules already initialized, skipping
Refreshing native plugins compatible for Editor in 0.34 ms, found 2 plugins.
Preloading 0 native plugins for Editor in 0.00 ms.
Unloading 1802 Unused Serialized files (Serialized files now loaded: 0)
System memory in use before: 161.5 MB.
System memory in use after: 161.7 MB.

Unloading 7 unused Assets to reduce memory usage. Loaded Objects now: 2307.
Total: 1.808784 ms (FindLiveObjects: 0.173554 ms CreateObjectMapping: 0.060229 ms MarkObjects: 1.560837 ms  DeleteObjects: 0.013165 ms)

========================================================================
Received Prepare
Registering precompiled user dll's ...
Registered in 0.000675 seconds.
Begin MonoManager ReloadAssembly
Native extension for WindowsStandalone target not found
Native extension for OSXStandalone target not found
Native extension for WebGL target not found
Refreshing native plugins compatible for Editor in 0.32 ms, found 2 plugins.
Preloading 0 native plugins for Editor in 0.00 ms.
Mono: successfully reloaded assembly
- Completed reload, in  1.108 seconds
Platform modules already initialized, skipping
Refreshing native plugins compatible for Editor in 0.33 ms, found 2 plugins.
Preloading 0 native plugins for Editor in 0.00 ms.
Unloading 1802 Unused Serialized files (Serialized files now loaded: 0)
System memory in use before: 161.8 MB.
System memory in use after: 161.9 MB.

Unloading 7 unused Assets to reduce memory usage. Loaded Objects now: 2311.
Total: 1.879401 ms (FindLiveObjects: 0.203068 ms CreateObjectMapping: 0.066278 ms MarkObjects: 1.595825 ms  DeleteObjects: 0.013101 ms)

========================================================================
Received Prepare
Registering precompiled user dll's ...
Registered in 0.000761 seconds.
Begin MonoManager ReloadAssembly
Native extension for WindowsStandalone target not found
Native extension for OSXStandalone target not found
Native extension for WebGL target not found
Refreshing native plugins compatible for Editor in 0.34 ms, found 2 plugins.
Preloading 0 native plugins for Editor in 0.00 ms.
Mono: successfully reloaded assembly
- Completed reload, in  1.067 seconds
Platform modules already initialized, skipping
Refreshing native plugins compatible for Editor in 0.42 ms, found 2 plugins.
Preloading 0 native plugins for Editor in 0.00 ms.
Unloading 1802 Unused Serialized files (Serialized files now loaded: 0)
System memory in use before: 162.0 MB.
System memory in use after: 162.1 MB.

Unloading 7 unused Assets to reduce memory usage. Loaded Objects now: 2315.
Total: 1.984990 ms (FindLiveObjects: 0.196348 ms CreateObjectMapping: 0.059883 ms MarkObjects: 1.714084 ms  DeleteObjects: 0.013781 ms)

========================================================================
Received Prepare
Registering precompiled user dll's ...
Registered in 0.000645 seconds.
Begin MonoManager ReloadAssembly
Native extension for WindowsStandalone target not found
Native extension for OSXStandalone target not found
Native extension for WebGL target not found
Refreshing native plugins compatible for Editor in 0.37 ms, found 2 plugins.
Preloading 0 native plugins for Editor in 0.00 ms.
Mono: successfully reloaded assembly
- Completed reload, in  1.125 seconds
Platform modules already initialized, skipping
Refreshing native plugins compatible for Editor in 0.35 ms, found 2 plugins.
Preloading 0 native plugins for Editor in 0.00 ms.
Unloading 1802 Unused Serialized files (Serialized files now loaded: 0)
System memory in use before: 162.3 MB.
System memory in use after: 162.4 MB.

Unloading 7 unused Assets to reduce memory usage. Loaded Objects now: 2319.
Total: 2.377102 ms (FindLiveObjects: 0.226476 ms CreateObjectMapping: 0.066745 ms MarkObjects: 2.064736 ms  DeleteObjects: 0.016838 ms)

========================================================================
Received Import Request.
  Time since last request: 7554.825573 seconds.
  path: ProjectSettings/TagManager.asset
  artifactKey: Guid(00000000000000003000000000000000) Importer(815301076,1909f56bfc062723c751e8b465ee728b)
Start importing ProjectSettings/TagManager.asset using Guid(00000000000000003000000000000000) Importer(815301076,1909f56bfc062723c751e8b465ee728b)  -> (artifact id: '7960a73919d8baa12bca0e2fc225c862') in 0.971503 seconds
  Import took 0.975861 seconds .

========================================================================
Received Prepare
Registering precompiled user dll's ...
Registered in 0.000716 seconds.
Begin MonoManager ReloadAssembly
Native extension for WindowsStandalone target not found
Native extension for OSXStandalone target not found
Native extension for WebGL target not found
Refreshing native plugins compatible for Editor in 0.36 ms, found 2 plugins.
Preloading 0 native plugins for Editor in 0.00 ms.
Mono: successfully reloaded assembly
- Completed reload, in  0.911 seconds
Platform modules already initialized, skipping
Refreshing native plugins compatible for Editor in 0.32 ms, found 2 plugins.
Preloading 0 native plugins for Editor in 0.00 ms.
Unloading 1802 Unused Serialized files (Serialized files now loaded: 0)
System memory in use before: 166.8 MB.
System memory in use after: 166.9 MB.

Unloading 8 unused Assets to reduce memory usage. Loaded Objects now: 2323.
Total: 1.875133 ms (FindLiveObjects: 0.253442 ms CreateObjectMapping: 0.076479 ms MarkObjects: 1.523494 ms  DeleteObjects: 0.020292 ms)

========================================================================
Received Import Request.
  Time since last request: 10.071663 seconds.
  path: ProjectSettings/TagManager.asset
  artifactKey: Guid(00000000000000003000000000000000) Importer(815301076,1909f56bfc062723c751e8b465ee728b)
Start importing ProjectSettings/TagManager.asset using Guid(00000000000000003000000000000000) Importer(815301076,1909f56bfc062723c751e8b465ee728b)  -> (artifact id: 'e150841083b88c8d41eaca5bbb8a081f') in 0.011817 seconds
  Import took 0.016173 seconds .

========================================================================
Received Prepare
Registering precompiled user dll's ...
Registered in 0.000529 seconds.
Begin MonoManager ReloadAssembly
Native extension for WindowsStandalone target not found
Native extension for OSXStandalone target not found
Native extension for WebGL target not found
Refreshing native plugins compatible for Editor in 0.32 ms, found 2 plugins.
Preloading 0 native plugins for Editor in 0.00 ms.
Mono: successfully reloaded assembly
- Completed reload, in  0.896 seconds
Platform modules already initialized, skipping
Refreshing native plugins compatible for Editor in 0.30 ms, found 2 plugins.
Preloading 0 native plugins for Editor in 0.00 ms.
Unloading 1802 Unused Serialized files (Serialized files now loaded: 0)
System memory in use before: 167.0 MB.
System memory in use after: 167.1 MB.

Unloading 8 unused Assets to reduce memory usage. Loaded Objects now: 2327.
Total: 1.905175 ms (FindLiveObjects: 0.221048 ms CreateObjectMapping: 0.068437 ms MarkObjects: 1.599298 ms  DeleteObjects: 0.014954 ms)

========================================================================
Received Prepare
Registering precompiled user dll's ...
Registered in 0.000531 seconds.
Begin MonoManager ReloadAssembly
Native extension for WindowsStandalone target not found
Native extension for OSXStandalone target not found
Native extension for WebGL target not found
Refreshing native plugins compatible for Editor in 0.44 ms, found 2 plugins.
Preloading 0 native plugins for Editor in 0.00 ms.
Mono: successfully reloaded assembly
- Completed reload, in  0.909 seconds
Platform modules already initialized, skipping
Refreshing native plugins compatible for Editor in 0.26 ms, found 2 plugins.
Preloading 0 native plugins for Editor in 0.00 ms.
Unloading 1802 Unused Serialized files (Serialized files now loaded: 0)
System memory in use before: 167.2 MB.
System memory in use after: 167.3 MB.

Unloading 7 unused Assets to reduce memory usage. Loaded Objects now: 2331.
Total: 1.828091 ms (FindLiveObjects: 0.202828 ms CreateObjectMapping: 0.065981 ms MarkObjects: 1.542134 ms  DeleteObjects: 0.015717 ms)

========================================================================
Received Prepare
Registering precompiled user dll's ...
Registered in 0.000531 seconds.
Begin MonoManager ReloadAssembly
Native extension for WindowsStandalone target not found
Native extension for OSXStandalone target not found
Native extension for WebGL target not found
Refreshing native plugins compatible for Editor in 0.31 ms, found 2 plugins.
Preloading 0 native plugins for Editor in 0.00 ms.
Mono: successfully reloaded assembly
- Completed reload, in  0.886 seconds
Platform modules already initialized, skipping
Refreshing native plugins compatible for Editor in 0.86 ms, found 2 plugins.
Preloading 0 native plugins for Editor in 0.00 ms.
Unloading 1802 Unused Serialized files (Serialized files now loaded: 0)
System memory in use before: 167.5 MB.
System memory in use after: 167.6 MB.

Unloading 7 unused Assets to reduce memory usage. Loaded Objects now: 2335.
Total: 1.803346 ms (FindLiveObjects: 0.179009 ms CreateObjectMapping: 0.059790 ms MarkObjects: 1.551541 ms  DeleteObjects: 0.012089 ms)

========================================================================
Received Prepare
Registering precompiled user dll's ...
Registered in 0.000520 seconds.
Begin MonoManager ReloadAssembly
Native extension for WindowsStandalone target not found
Native extension for OSXStandalone target not found
Native extension for WebGL target not found
Refreshing native plugins compatible for Editor in 0.30 ms, found 2 plugins.
Preloading 0 native plugins for Editor in 0.00 ms.
Mono: successfully reloaded assembly
- Completed reload, in  0.876 seconds
Platform modules already initialized, skipping
Refreshing native plugins compatible for Editor in 0.34 ms, found 2 plugins.
Preloading 0 native plugins for Editor in 0.00 ms.
Unloading 1802 Unused Serialized files (Serialized files now loaded: 0)
System memory in use before: 167.7 MB.
System memory in use after: 167.8 MB.

Unloading 7 unused Assets to reduce memory usage. Loaded Objects now: 2339.
Total: 1.801932 ms (FindLiveObjects: 0.182007 ms CreateObjectMapping: 0.062426 ms MarkObjects: 1.543810 ms  DeleteObjects: 0.012488 ms)

========================================================================
Received Prepare
Registering precompiled user dll's ...
Registered in 0.001689 seconds.
Begin MonoManager ReloadAssembly
Native extension for WindowsStandalone target not found
Native extension for OSXStandalone target not found
Native extension for WebGL target not found
Refreshing native plugins compatible for Editor in 0.30 ms, found 2 plugins.
Preloading 0 native plugins for Editor in 0.00 ms.
Mono: successfully reloaded assembly
- Completed reload, in  1.035 seconds
Platform modules already initialized, skipping
Refreshing native plugins compatible for Editor in 0.33 ms, found 2 plugins.
Preloading 0 native plugins for Editor in 0.00 ms.
Unloading 1802 Unused Serialized files (Serialized files now loaded: 0)
System memory in use before: 167.9 MB.
System memory in use after: 168.1 MB.

Unloading 7 unused Assets to reduce memory usage. Loaded Objects now: 2343.
Total: 1.897315 ms (FindLiveObjects: 0.188488 ms CreateObjectMapping: 0.060611 ms MarkObjects: 1.618606 ms  DeleteObjects: 0.028609 ms)

========================================================================
Received Import Request.
  Time since last request: 6619.079292 seconds.
  path: Assets/Scenes/Gameplay.unity
  artifactKey: Guid(48610c55c9d558f44b2e6940764809d4) Importer(815301076,1909f56bfc062723c751e8b465ee728b)
Start importing Assets/Scenes/Gameplay.unity using Guid(48610c55c9d558f44b2e6940764809d4) Importer(815301076,1909f56bfc062723c751e8b465ee728b)  -> (artifact id: 'a8a49674d6b4a7a233904aa33d6306c8') in 0.013758 seconds
  Import took 0.017759 seconds .

========================================================================
Received Prepare
Registering precompiled user dll's ...
Registered in 0.000528 seconds.
Begin MonoManager ReloadAssembly
Native extension for WindowsStandalone target not found
Native extension for OSXStandalone target not found
Native extension for WebGL target not found
Refreshing native plugins compatible for Editor in 0.48 ms, found 2 plugins.
Preloading 0 native plugins for Editor in 0.00 ms.
Mono: successfully reloaded assembly
- Completed reload, in  0.867 seconds
Platform modules already initialized, skipping
Refreshing native plugins compatible for Editor in 0.32 ms, found 2 plugins.
Preloading 0 native plugins for Editor in 0.00 ms.
Unloading 1802 Unused Serialized files (Serialized files now loaded: 0)
System memory in use before: 168.7 MB.
System memory in use after: 168.9 MB.

Unloading 7 unused Assets to reduce memory usage. Loaded Objects now: 2347.
Total: 1.987284 ms (FindLiveObjects: 0.199491 ms CreateObjectMapping: 0.063996 ms MarkObjects: 1.706292 ms  DeleteObjects: 0.016609 ms)

========================================================================
Received Prepare
Registering precompiled user dll's ...
Registered in 0.000644 seconds.
Begin MonoManager ReloadAssembly
Native extension for WindowsStandalone target not found
Native extension for OSXStandalone target not found
Native extension for WebGL target not found
Refreshing native plugins compatible for Editor in 0.33 ms, found 2 plugins.
Preloading 0 native plugins for Editor in 0.00 ms.
Mono: successfully reloaded assembly
- Completed reload, in  0.994 seconds
Platform modules already initialized, skipping
Refreshing native plugins compatible for Editor in 0.30 ms, found 2 plugins.
Preloading 0 native plugins for Editor in 0.00 ms.
Unloading 1802 Unused Serialized files (Serialized files now loaded: 0)
System memory in use before: 168.9 MB.
System memory in use after: 169.1 MB.

Unloading 7 unused Assets to reduce memory usage. Loaded Objects now: 2351.
Total: 2.271138 ms (FindLiveObjects: 0.210795 ms CreateObjectMapping: 0.069293 ms MarkObjects: 1.968104 ms  DeleteObjects: 0.020142 ms)

========================================================================
Received Import Request.
  Time since last request: 4213.140515 seconds.
  path: Assets/Scenes/EnemyTest.unity
  artifactKey: Guid(dc15f005ca9694b5d82f80df75ab5114) Importer(815301076,1909f56bfc062723c751e8b465ee728b)
Start importing Assets/Scenes/EnemyTest.unity using Guid(dc15f005ca9694b5d82f80df75ab5114) Importer(815301076,1909f56bfc062723c751e8b465ee728b)  -> (artifact id: '05fbdf3d41c769a659f2a59101141380') in 0.023523 seconds
  Import took 0.028849 seconds .

========================================================================
Received Import Request.
  Time since last request: 276.129766 seconds.
  path: Assets/Scripts/Enemies
  artifactKey: Guid(d8bcb7a9716044356bc20a47df0a0e42) Importer(815301076,1909f56bfc062723c751e8b465ee728b)
Start importing Assets/Scripts/Enemies using Guid(d8bcb7a9716044356bc20a47df0a0e42) Importer(815301076,1909f56bfc062723c751e8b465ee728b)  -> (artifact id: 'ecdd8933a5c469f76f216c999577a5a7') in 0.002368 seconds
  Import took 0.005873 seconds .

========================================================================
Received Import Request.
  Time since last request: 17.468066 seconds.
  path: Assets/Scripts/Enemies/BasicEnemy.cs
  artifactKey: Guid(2468b0831deb74ebcb712a8cf430f6d3) Importer(815301076,1909f56bfc062723c751e8b465ee728b)
Start importing Assets/Scripts/Enemies/BasicEnemy.cs using Guid(2468b0831deb74ebcb712a8cf430f6d3) Importer(815301076,1909f56bfc062723c751e8b465ee728b)  -> (artifact id: 'f8a7805dec5f8ea46f2273fa6bb00b87') in 0.012171 seconds
  Import took 0.016196 seconds .

========================================================================
Received Prepare
Registering precompiled user dll's ...
Registered in 0.000483 seconds.
Begin MonoManager ReloadAssembly
Native extension for WindowsStandalone target not found
Native extension for OSXStandalone target not found
Native extension for WebGL target not found
Refreshing native plugins compatible for Editor in 0.33 ms, found 2 plugins.
Preloading 0 native plugins for Editor in 0.00 ms.
Mono: successfully reloaded assembly
- Completed reload, in  1.007 seconds
Platform modules already initialized, skipping
Refreshing native plugins compatible for Editor in 0.34 ms, found 2 plugins.
Preloading 0 native plugins for Editor in 0.00 ms.
Unloading 1803 Unused Serialized files (Serialized files now loaded: 0)
System memory in use before: 169.7 MB.
System memory in use after: 169.8 MB.

Unloading 7 unused Assets to reduce memory usage. Loaded Objects now: 2356.
Total: 2.082795 ms (FindLiveObjects: 0.235646 ms CreateObjectMapping: 0.066343 ms MarkObjects: 1.764054 ms  DeleteObjects: 0.015095 ms)

========================================================================
Received Import Request.
  Time since last request: 2182.667813 seconds.
  path: Assets/Scripts/Weapons
  artifactKey: Guid(9c5b07a3b92bf45729fb45971c890fd8) Importer(815301076,1909f56bfc062723c751e8b465ee728b)
Start importing Assets/Scripts/Weapons using Guid(9c5b07a3b92bf45729fb45971c890fd8) Importer(815301076,1909f56bfc062723c751e8b465ee728b)  -> (artifact id: '56cf80556b25a722e6c317401f37d76f') in 0.009506 seconds
  Import took 0.015388 seconds .

========================================================================
Received Import Request.
  Time since last request: 5.913709 seconds.
  path: Assets/Scripts/Weapons/projectile.cs
  artifactKey: Guid(83cdda9785aa74feba000c71b1f62004) Importer(815301076,1909f56bfc062723c751e8b465ee728b)
Start importing Assets/Scripts/Weapons/projectile.cs using Guid(83cdda9785aa74feba000c71b1f62004) Importer(815301076,1909f56bfc062723c751e8b465ee728b)  -> (artifact id: '9748e6495827588d9325da549cbd8c81') in 0.003721 seconds
  Import took 0.007644 seconds .

========================================================================
Received Prepare
Registering precompiled user dll's ...
Registered in 0.001050 seconds.
Begin MonoManager ReloadAssembly
Native extension for WindowsStandalone target not found
Native extension for OSXStandalone target not found
Native extension for WebGL target not found
Refreshing native plugins compatible for Editor in 0.34 ms, found 2 plugins.
Preloading 0 native plugins for Editor in 0.00 ms.
Mono: successfully reloaded assembly
- Completed reload, in  1.121 seconds
Platform modules already initialized, skipping
Refreshing native plugins compatible for Editor in 0.34 ms, found 2 plugins.
Preloading 0 native plugins for Editor in 0.00 ms.
Unloading 1804 Unused Serialized files (Serialized files now loaded: 0)
System memory in use before: 169.9 MB.
System memory in use after: 170.0 MB.

Unloading 7 unused Assets to reduce memory usage. Loaded Objects now: 2361.
Total: 2.240358 ms (FindLiveObjects: 0.204250 ms CreateObjectMapping: 0.072003 ms MarkObjects: 1.948335 ms  DeleteObjects: 0.014598 ms)

========================================================================
Received Import Request.
  Time since last request: 10.930579 seconds.
  path: Assets/Scripts/Weapons/Projectile.cs
  artifactKey: Guid(83cdda9785aa74feba000c71b1f62004) Importer(815301076,1909f56bfc062723c751e8b465ee728b)
Start importing Assets/Scripts/Weapons/Projectile.cs using Guid(83cdda9785aa74feba000c71b1f62004) Importer(815301076,1909f56bfc062723c751e8b465ee728b)  -> (artifact id: '30dd6c7ca6a9a4fa0de90d3c8499e553') in 0.006421 seconds
  Import took 0.010307 seconds .

========================================================================
Received Prepare
Registering precompiled user dll's ...
Registered in 0.000562 seconds.
Begin MonoManager ReloadAssembly
Native extension for WindowsStandalone target not found
Native extension for OSXStandalone target not found
Native extension for WebGL target not found
Refreshing native plugins compatible for Editor in 0.31 ms, found 2 plugins.
Preloading 0 native plugins for Editor in 0.00 ms.
Mono: successfully reloaded assembly
- Completed reload, in  1.015 seconds
Platform modules already initialized, skipping
Refreshing native plugins compatible for Editor in 0.31 ms, found 2 plugins.
Preloading 0 native plugins for Editor in 0.00 ms.
Unloading 1804 Unused Serialized files (Serialized files now loaded: 0)
System memory in use before: 170.1 MB.
System memory in use after: 170.3 MB.

Unloading 7 unused Assets to reduce memory usage. Loaded Objects now: 2365.
Total: 1.938970 ms (FindLiveObjects: 0.212452 ms CreateObjectMapping: 0.062716 ms MarkObjects: 1.649565 ms  DeleteObjects: 0.013193 ms)

========================================================================
Received Prepare
Registering precompiled user dll's ...
Registered in 0.000669 seconds.
Begin MonoManager ReloadAssembly
Native extension for WindowsStandalone target not found
Native extension for OSXStandalone target not found
Native extension for WebGL target not found
Refreshing native plugins compatible for Editor in 0.34 ms, found 2 plugins.
Preloading 0 native plugins for Editor in 0.00 ms.
Mono: successfully reloaded assembly
- Completed reload, in  1.113 seconds
Platform modules already initialized, skipping
Refreshing native plugins compatible for Editor in 0.33 ms, found 2 plugins.
Preloading 0 native plugins for Editor in 0.00 ms.
Unloading 1804 Unused Serialized files (Serialized files now loaded: 0)
System memory in use before: 170.4 MB.
System memory in use after: 170.5 MB.

Unloading 7 unused Assets to reduce memory usage. Loaded Objects now: 2369.
Total: 1.853298 ms (FindLiveObjects: 0.202652 ms CreateObjectMapping: 0.071550 ms MarkObjects: 1.562446 ms  DeleteObjects: 0.015263 ms)

========================================================================
Received Import Request.
  Time since last request: 17.969507 seconds.
  path: Assets/Scripts/Weapons/Projectile.cs
  artifactKey: Guid(83cdda9785aa74feba000c71b1f62004) Importer(815301076,1909f56bfc062723c751e8b465ee728b)
Start importing Assets/Scripts/Weapons/Projectile.cs using Guid(83cdda9785aa74feba000c71b1f62004) Importer(815301076,1909f56bfc062723c751e8b465ee728b)  -> (artifact id: 'ac76b3f98b64189e46f6e9bb580f2482') in 0.005172 seconds
  Import took 0.011962 seconds .

